# JRE version: Java(TM) SE Runtime Environment (8.0_111-b14) (build 1.8.0_111-b14)
# Java VM: Java HotSpot(TM) 64-Bit Server VM (25.111-b14 mixed mode windows-amd64 compressed oops)
Heap:
 PSYoungGen      total 249856K, used 110935K [0x00000000e0000000, 0x00000000f2480000, 0x0000000100000000)
  eden space 230912K, 42% used [0x00000000e0000000,0x00000000e5fb56f0,0x00000000ee180000)
  from space 18944K, 68% used [0x00000000ef500000,0x00000000f01a0870,0x00000000f0780000)
  to   space 19968K, 0% used [0x00000000ee180000,0x00000000ee180000,0x00000000ef500000)
 ParOldGen       total 82944K, used 49944K [0x00000000a0000000, 0x00000000a5100000, 0x00000000e0000000)
  object space 82944K, 60% used [0x00000000a0000000,0x00000000a30c6300,0x00000000a5100000)
 Metaspace       used 72665K, capacity 75654K, committed 75904K, reserved 1114112K
  class space    used 10001K, capacity 10568K, committed 10624K, reserved 1048576K
GC Heap History (10 events):
Event: 68.036 GC heap before
{Heap before GC invocations=27 (full 3):
 PSYoungGen      total 181760K, used 175228K [0x00000000e0000000, 0x00000000ed880000, 0x0000000100000000)
  eden space 164864K, 100% used [0x00000000e0000000,0x00000000ea100000,0x00000000ea100000)
  from space 16896K, 61% used [0x00000000ea100000,0x00000000eab1f3c0,0x00000000eb180000)
  to   space 17408K, 0% used [0x00000000ec780000,0x00000000ec780000,0x00000000ed880000)
 ParOldGen       total 82944K, used 49776K [0x00000000a0000000, 0x00000000a5100000, 0x00000000e0000000)
  object space 82944K, 60% used [0x00000000a0000000,0x00000000a309c158,0x00000000a5100000)
 Metaspace       used 72540K, capacity 75574K, committed 75648K, reserved 1114112K
  class space    used 10000K, capacity 10568K, committed 10624K, reserved 1048576K
Event: 68.138 GC heap after
Heap after GC invocations=27 (full 3):
 PSYoungGen      total 203776K, used 11763K [0x00000000e0000000, 0x00000000edb80000, 0x0000000100000000)
  eden space 186368K, 0% used [0x00000000e0000000,0x00000000e0000000,0x00000000eb600000)
  from space 17408K, 67% used [0x00000000ec780000,0x00000000ed2fcd98,0x00000000ed880000)
  to   space 17920K, 0% used [0x00000000eb600000,0x00000000eb600000,0x00000000ec780000)
 ParOldGen       total 82944K, used 49776K [0x00000000a0000000, 0x00000000a5100000, 0x00000000e0000000)
  object space 82944K, 60% used [0x00000000a0000000,0x00000000a309c158,0x00000000a5100000)
 Metaspace       used 72540K, capacity 75574K, committed 75648K, reserved 1114112K
  class space    used 10000K, capacity 10568K, committed 10624K, reserved 1048576K
}
Event: 72.078 GC heap before
{Heap before GC invocations=28 (full 3):
 PSYoungGen      total 203776K, used 198131K [0x00000000e0000000, 0x00000000edb80000, 0x0000000100000000)
  eden space 186368K, 100% used [0x00000000e0000000,0x00000000eb600000,0x00000000eb600000)
  from space 17408K, 67% used [0x00000000ec780000,0x00000000ed2fcd98,0x00000000ed880000)
  to   space 17920K, 0% used [0x00000000eb600000,0x00000000eb600000,0x00000000ec780000)
 ParOldGen       total 82944K, used 49776K [0x00000000a0000000, 0x00000000a5100000, 0x00000000e0000000)
  object space 82944K, 60% used [0x00000000a0000000,0x00000000a309c158,0x00000000a5100000)
 Metaspace       used 72578K, capacity 75578K, committed 75648K, reserved 1114112K
  class space    used 10000K, capacity 10568K, committed 10624K, reserved 1048576K
Event: 72.109 GC heap after
Heap after GC invocations=28 (full 3):
 PSYoungGen      total 204288K, used 8799K [0x00000000e0000000, 0x00000000eec00000, 0x0000000100000000)
  eden space 186368K, 0% used [0x00000000e0000000,0x00000000e0000000,0x00000000eb600000)
  from space 17920K, 49% used [0x00000000eb600000,0x00000000ebe97f30,0x00000000ec780000)
  to   space 17920K, 0% used [0x00000000eda80000,0x00000000eda80000,0x00000000eec00000)
 ParOldGen       total 82944K, used 49776K [0x00000000a0000000, 0x00000000a5100000, 0x00000000e0000000)
  object space 82944K, 60% used [0x00000000a0000000,0x00000000a309c158,0x00000000a5100000)
 Metaspace       used 72578K, capacity 75578K, committed 75648K, reserved 1114112K
  class space    used 10000K, capacity 10568K, committed 10624K, reserved 1048576K
}
Event: 75.639 GC heap before
{Heap before GC invocations=29 (full 3):
 PSYoungGen      total 204288K, used 195167K [0x00000000e0000000, 0x00000000eec00000, 0x0000000100000000)
  eden space 186368K, 100% used [0x00000000e0000000,0x00000000eb600000,0x00000000eb600000)
  from space 17920K, 49% used [0x00000000eb600000,0x00000000ebe97f30,0x00000000ec780000)
  to   space 17920K, 0% used [0x00000000eda80000,0x00000000eda80000,0x00000000eec00000)
 ParOldGen       total 82944K, used 49776K [0x00000000a0000000, 0x00000000a5100000, 0x00000000e0000000)
  object space 82944K, 60% used [0x00000000a0000000,0x00000000a309c158,0x00000000a5100000)
 Metaspace       used 72612K, capacity 75586K, committed 75648K, reserved 1114112K
  class space    used 10000K, capacity 10568K, committed 10624K, reserved 1048576K
Event: 75.686 GC heap after
Heap after GC invocations=29 (full 3):
 PSYoungGen      total 223232K, used 11853K [0x00000000e0000000, 0x00000000eee00000, 0x0000000100000000)
  eden space 205312K, 0% used [0x00000000e0000000,0x00000000e0000000,0x00000000ec880000)
  from space 17920K, 66% used [0x00000000eda80000,0x00000000ee613570,0x00000000eec00000)
  to   space 18432K, 0% used [0x00000000ec880000,0x00000000ec880000,0x00000000eda80000)
 ParOldGen       total 82944K, used 49784K [0x00000000a0000000, 0x00000000a5100000, 0x00000000e0000000)
  object space 82944K, 60% used [0x00000000a0000000,0x00000000a309e158,0x00000000a5100000)
 Metaspace       used 72612K, capacity 75586K, committed 75648K, reserved 1114112K
  class space    used 10000K, capacity 10568K, committed 10624K, reserved 1048576K
}
Event: 78.742 GC heap before
{Heap before GC invocations=30 (full 3):
 PSYoungGen      total 223232K, used 217165K [0x00000000e0000000, 0x00000000eee00000, 0x0000000100000000)
  eden space 205312K, 100% used [0x00000000e0000000,0x00000000ec880000,0x00000000ec880000)
  from space 17920K, 66% used [0x00000000eda80000,0x00000000ee613570,0x00000000eec00000)
  to   space 18432K, 0% used [0x00000000ec880000,0x00000000ec880000,0x00000000eda80000)
 ParOldGen       total 82944K, used 49944K [0x00000000a0000000, 0x00000000a5100000, 0x00000000e0000000)
  object space 82944K, 60% used [0x00000000a0000000,0x00000000a30c6300,0x00000000a5100000)
 Metaspace       used 72645K, capacity 75590K, committed 75648K, reserved 1114112K
  class space    used 10000K, capacity 10568K, committed 10624K, reserved 1048576K
Event: 78.825 GC heap after
Heap after GC invocations=30 (full 3):
 PSYoungGen      total 223744K, used 12690K [0x00000000e0000000, 0x00000000f0780000, 0x0000000100000000)
  eden space 205312K, 0% used [0x00000000e0000000,0x00000000e0000000,0x00000000ec880000)
  from space 18432K, 68% used [0x00000000ec880000,0x00000000ed4e49b0,0x00000000eda80000)
  to   space 18944K, 0% used [0x00000000ef500000,0x00000000ef500000,0x00000000f0780000)
 ParOldGen       total 82944K, used 49944K [0x00000000a0000000, 0x00000000a5100000, 0x00000000e0000000)
  object space 82944K, 60% used [0x00000000a0000000,0x00000000a30c6300,0x00000000a5100000)
 Metaspace       used 72645K, capacity 75590K, committed 75648K, reserved 1114112K
  class space    used 10000K, capacity 10568K, committed 10624K, reserved 1048576K
}
Event: 78.899 GC heap before
{Heap before GC invocations=31 (full 3):
 PSYoungGen      total 223744K, used 21067K [0x00000000e0000000, 0x00000000f0780000, 0x0000000100000000)
  eden space 205312K, 4% used [0x00000000e0000000,0x00000000e082e570,0x00000000ec880000)
  from space 18432K, 68% used [0x00000000ec880000,0x00000000ed4e49b0,0x00000000eda80000)
  to   space 18944K, 0% used [0x00000000ef500000,0x00000000ef500000,0x00000000f0780000)
 ParOldGen       total 82944K, used 49944K [0x00000000a0000000, 0x00000000a5100000, 0x00000000e0000000)
  object space 82944K, 60% used [0x00000000a0000000,0x00000000a30c6300,0x00000000a5100000)
 Metaspace       used 72645K, capacity 75590K, committed 75648K, reserved 1114112K
  class space    used 10000K, capacity 10568K, committed 10624K, reserved 1048576K
Event: 78.973 GC heap after
Heap after GC invocations=31 (full 3):
 PSYoungGen      total 249856K, used 12930K [0x00000000e0000000, 0x00000000f2480000, 0x0000000100000000)
  eden space 230912K, 0% used [0x00000000e0000000,0x00000000e0000000,0x00000000ee180000)
  from space 18944K, 68% used [0x00000000ef500000,0x00000000f01a0870,0x00000000f0780000)
  to   space 19968K, 0% used [0x00000000ee180000,0x00000000ee180000,0x00000000ef500000)
 ParOldGen       total 82944K, used 49944K [0x00000000a0000000, 0x00000000a5100000, 0x00000000e0000000)
  object space 82944K, 60% used [0x00000000a0000000,0x00000000a30c6300,0x00000000a5100000)
 Metaspace       used 72645K, capacity 75590K, committed 75648K, reserved 1114112K
  class space    used 10000K, capacity 10568K, committed 10624K, reserved 1048576K
}

