# JRE version: Java(TM) SE Runtime Environment (8.0_111-b14) (build 1.8.0_111-b14)
# Java VM: Java HotSpot(TM) 64-Bit Server VM (25.111-b14 mixed mode windows-amd64 compressed oops)
Heap:
 PSYoungGen      total 201728K, used 30330K [0x00000000e0000000, 0x00000000ee280000, 0x0000000100000000)
  eden space 171520K, 12% used [0x00000000e0000000,0x00000000e1592650,0x00000000ea780000)
  from space 30208K, 27% used [0x00000000ec500000,0x00000000ecd0c420,0x00000000ee280000)
  to   space 30208K, 0% used [0x00000000ea780000,0x00000000ea780000,0x00000000ec500000)
 ParOldGen       total 78336K, used 55357K [0x00000000a0000000, 0x00000000a4c80000, 0x00000000e0000000)
  object space 78336K, 70% used [0x00000000a0000000,0x00000000a360f5d0,0x00000000a4c80000)
 Metaspace       used 92170K, capacity 95654K, committed 98304K, reserved 1134592K
  class space    used 12093K, capacity 12768K, committed 13312K, reserved 1048576K
GC Heap History (10 events):
Event: 12655.335 GC heap before
{Heap before GC invocations=36 (full 3):
 PSYoungGen      total 162816K, used 155887K [0x00000000e0000000, 0x00000000ed880000, 0x0000000100000000)
  eden space 134656K, 100% used [0x00000000e0000000,0x00000000e8380000,0x00000000e8380000)
  from space 28160K, 75% used [0x00000000ea300000,0x00000000eb7bbda0,0x00000000ebe80000)
  to   space 32256K, 0% used [0x00000000e8380000,0x00000000e8380000,0x00000000ea300000)
 ParOldGen       total 78336K, used 63731K [0x00000000a0000000, 0x00000000a4c80000, 0x00000000e0000000)
  object space 78336K, 81% used [0x00000000a0000000,0x00000000a3e3cc20,0x00000000a4c80000)
 Metaspace       used 93419K, capacity 97966K, committed 98304K, reserved 1134592K
  class space    used 12348K, capacity 13200K, committed 13312K, reserved 1048576K
Event: 12655.384 GC heap after
Heap after GC invocations=36 (full 3):
 PSYoungGen      total 166912K, used 15772K [0x00000000e0000000, 0x00000000ed080000, 0x0000000100000000)
  eden space 134656K, 0% used [0x00000000e0000000,0x00000000e0000000,0x00000000e8380000)
  from space 32256K, 48% used [0x00000000e8380000,0x00000000e92e7260,0x00000000ea300000)
  to   space 30720K, 0% used [0x00000000eb280000,0x00000000eb280000,0x00000000ed080000)
 ParOldGen       total 78336K, used 70172K [0x00000000a0000000, 0x00000000a4c80000, 0x00000000e0000000)
  object space 78336K, 89% used [0x00000000a0000000,0x00000000a44870e8,0x00000000a4c80000)
 Metaspace       used 93419K, capacity 97966K, committed 98304K, reserved 1134592K
  class space    used 12348K, capacity 13200K, committed 13312K, reserved 1048576K
}
Event: 12655.385 GC heap before
{Heap before GC invocations=37 (full 4):
 PSYoungGen      total 166912K, used 15772K [0x00000000e0000000, 0x00000000ed080000, 0x0000000100000000)
  eden space 134656K, 0% used [0x00000000e0000000,0x00000000e0000000,0x00000000e8380000)
  from space 32256K, 48% used [0x00000000e8380000,0x00000000e92e7260,0x00000000ea300000)
  to   space 30720K, 0% used [0x00000000eb280000,0x00000000eb280000,0x00000000ed080000)
 ParOldGen       total 78336K, used 70172K [0x00000000a0000000, 0x00000000a4c80000, 0x00000000e0000000)
  object space 78336K, 89% used [0x00000000a0000000,0x00000000a44870e8,0x00000000a4c80000)
 Metaspace       used 93419K, capacity 97966K, committed 98304K, reserved 1134592K
  class space    used 12348K, capacity 13200K, committed 13312K, reserved 1048576K
Event: 12658.060 GC heap after
Heap after GC invocations=37 (full 4):
 PSYoungGen      total 166912K, used 0K [0x00000000e0000000, 0x00000000ed080000, 0x0000000100000000)
  eden space 134656K, 0% used [0x00000000e0000000,0x00000000e0000000,0x00000000e8380000)
  from space 32256K, 0% used [0x00000000e8380000,0x00000000e8380000,0x00000000ea300000)
  to   space 30720K, 0% used [0x00000000eb280000,0x00000000eb280000,0x00000000ed080000)
 ParOldGen       total 78336K, used 55357K [0x00000000a0000000, 0x00000000a4c80000, 0x00000000e0000000)
  object space 78336K, 70% used [0x00000000a0000000,0x00000000a360f5d0,0x00000000a4c80000)
 Metaspace       used 92146K, capacity 95642K, committed 98304K, reserved 1134592K
  class space    used 12093K, capacity 12768K, committed 13312K, reserved 1048576K
}
Event: 12659.913 GC heap before
{Heap before GC invocations=38 (full 4):
 PSYoungGen      total 166912K, used 134656K [0x00000000e0000000, 0x00000000ed080000, 0x0000000100000000)
  eden space 134656K, 100% used [0x00000000e0000000,0x00000000e8380000,0x00000000e8380000)
  from space 32256K, 0% used [0x00000000e8380000,0x00000000e8380000,0x00000000ea300000)
  to   space 30720K, 0% used [0x00000000eb280000,0x00000000eb280000,0x00000000ed080000)
 ParOldGen       total 78336K, used 55357K [0x00000000a0000000, 0x00000000a4c80000, 0x00000000e0000000)
  object space 78336K, 70% used [0x00000000a0000000,0x00000000a360f5d0,0x00000000a4c80000)
 Metaspace       used 92150K, capacity 95646K, committed 98304K, reserved 1134592K
  class space    used 12093K, capacity 12768K, committed 13312K, reserved 1048576K
Event: 12659.937 GC heap after
Heap after GC invocations=38 (full 4):
 PSYoungGen      total 182272K, used 3211K [0x00000000e0000000, 0x00000000ed200000, 0x0000000100000000)
  eden space 151552K, 0% used [0x00000000e0000000,0x00000000e0000000,0x00000000e9400000)
  from space 30720K, 10% used [0x00000000eb280000,0x00000000eb5a2d00,0x00000000ed080000)
  to   space 31232K, 0% used [0x00000000e9400000,0x00000000e9400000,0x00000000eb280000)
 ParOldGen       total 78336K, used 55357K [0x00000000a0000000, 0x00000000a4c80000, 0x00000000e0000000)
  object space 78336K, 70% used [0x00000000a0000000,0x00000000a360f5d0,0x00000000a4c80000)
 Metaspace       used 92150K, capacity 95646K, committed 98304K, reserved 1134592K
  class space    used 12093K, capacity 12768K, committed 13312K, reserved 1048576K
}
Event: 12661.939 GC heap before
{Heap before GC invocations=39 (full 4):
 PSYoungGen      total 182272K, used 154763K [0x00000000e0000000, 0x00000000ed200000, 0x0000000100000000)
  eden space 151552K, 100% used [0x00000000e0000000,0x00000000e9400000,0x00000000e9400000)
  from space 30720K, 10% used [0x00000000eb280000,0x00000000eb5a2d00,0x00000000ed080000)
  to   space 31232K, 0% used [0x00000000e9400000,0x00000000e9400000,0x00000000eb280000)
 ParOldGen       total 78336K, used 55357K [0x00000000a0000000, 0x00000000a4c80000, 0x00000000e0000000)
  object space 78336K, 70% used [0x00000000a0000000,0x00000000a360f5d0,0x00000000a4c80000)
 Metaspace       used 92155K, capacity 95650K, committed 98304K, reserved 1134592K
  class space    used 12093K, capacity 12768K, committed 13312K, reserved 1048576K
Event: 12661.960 GC heap after
Heap after GC invocations=39 (full 4):
 PSYoungGen      total 182784K, used 4200K [0x00000000e0000000, 0x00000000ee380000, 0x0000000100000000)
  eden space 151552K, 0% used [0x00000000e0000000,0x00000000e0000000,0x00000000e9400000)
  from space 31232K, 13% used [0x00000000e9400000,0x00000000e981a0f0,0x00000000eb280000)
  to   space 31232K, 0% used [0x00000000ec500000,0x00000000ec500000,0x00000000ee380000)
 ParOldGen       total 78336K, used 55357K [0x00000000a0000000, 0x00000000a4c80000, 0x00000000e0000000)
  object space 78336K, 70% used [0x00000000a0000000,0x00000000a360f5d0,0x00000000a4c80000)
 Metaspace       used 92155K, capacity 95650K, committed 98304K, reserved 1134592K
  class space    used 12093K, capacity 12768K, committed 13312K, reserved 1048576K
}
Event: 12663.581 GC heap before
{Heap before GC invocations=40 (full 4):
 PSYoungGen      total 182784K, used 155752K [0x00000000e0000000, 0x00000000ee380000, 0x0000000100000000)
  eden space 151552K, 100% used [0x00000000e0000000,0x00000000e9400000,0x00000000e9400000)
  from space 31232K, 13% used [0x00000000e9400000,0x00000000e981a0f0,0x00000000eb280000)
  to   space 31232K, 0% used [0x00000000ec500000,0x00000000ec500000,0x00000000ee380000)
 ParOldGen       total 78336K, used 55357K [0x00000000a0000000, 0x00000000a4c80000, 0x00000000e0000000)
  object space 78336K, 70% used [0x00000000a0000000,0x00000000a360f5d0,0x00000000a4c80000)
 Metaspace       used 92169K, capacity 95654K, committed 98304K, reserved 1134592K
  class space    used 12093K, capacity 12768K, committed 13312K, reserved 1048576K
Event: 12663.624 GC heap after
Heap after GC invocations=40 (full 4):
 PSYoungGen      total 201728K, used 8241K [0x00000000e0000000, 0x00000000ee280000, 0x0000000100000000)
  eden space 171520K, 0% used [0x00000000e0000000,0x00000000e0000000,0x00000000ea780000)
  from space 30208K, 27% used [0x00000000ec500000,0x00000000ecd0c420,0x00000000ee280000)
  to   space 30208K, 0% used [0x00000000ea780000,0x00000000ea780000,0x00000000ec500000)
 ParOldGen       total 78336K, used 55357K [0x00000000a0000000, 0x00000000a4c80000, 0x00000000e0000000)
  object space 78336K, 70% used [0x00000000a0000000,0x00000000a360f5d0,0x00000000a4c80000)
 Metaspace       used 92169K, capacity 95654K, committed 98304K, reserved 1134592K
  class space    used 12093K, capacity 12768K, committed 13312K, reserved 1048576K
}

